2022-10-19 01:27:41 [INFO] Starting minecraft server version 1.5.2
2022-10-19 01:27:41 [WARNING] To start the server with more ram, launch it as "java -Xmx1024M -Xms1024M -jar minecraft_server.jar"
2022-10-19 01:27:41 [INFO] Loading properties
2022-10-19 01:27:41 [INFO] Default game type: SURVIVAL
2022-10-19 01:27:41 [INFO] Generating keypair
2022-10-19 01:27:44 [INFO] Starting Minecraft server on 127.0.0.1:25569
2022-10-19 01:27:47 [INFO] This server is running CraftBukkit version git-Bukkit-1.5.2-R1.0-b2788jnks (MC: 1.5.2) (Implementing API version 1.5.2-R1.0)
2022-10-19 01:27:48 [WARNING] Failed to load operators list: java.io.FileNotFoundException: ./ops.txt (No such file or directory)
2022-10-19 01:27:49 [WARNING] Failed to load white-list: java.io.FileNotFoundException: ./white-list.txt (No such file or directory)
2022-10-19 01:27:49 [WARNING] **** SERVER IS RUNNING IN OFFLINE/INSECURE MODE!
2022-10-19 01:27:49 [WARNING] The server will make no attempt to authenticate usernames. Beware.
2022-10-19 01:27:49 [WARNING] While this makes the game possible to play without internet access, it also opens up the ability for hackers to connect with any username they choose.
2022-10-19 01:27:49 [WARNING] To change this, set "online-mode" to "true" in the server.properties file.
2022-10-19 01:27:50 [SEVERE] Exception in thread "Thread-6" 
2022-10-19 01:27:50 [SEVERE] org.bukkit.craftbukkit.libs.com.google.gson.JsonSyntaxException: java.lang.IllegalStateException: Expected BEGIN_OBJECT but was STRING at line 1 column 7
2022-10-19 01:27:50 [INFO] Preparing level "world"
2022-10-19 01:27:50 [SEVERE] 	at org.bukkit.craftbukkit.libs.com.google.gson.internal.bind.ReflectiveTypeAdapterFactory$Adapter.read(ReflectiveTypeAdapterFactory.java:180)
2022-10-19 01:27:50 [SEVERE] 	at org.bukkit.craftbukkit.libs.com.google.gson.Gson.fromJson(Gson.java:755)
2022-10-19 01:27:50 [SEVERE] 	at org.bukkit.craftbukkit.libs.com.google.gson.Gson.fromJson(Gson.java:694)
2022-10-19 01:27:50 [SEVERE] 	at org.bukkit.craftbukkit.v1_5_R3.updater.BukkitDLUpdaterService.fetchArtifact(BukkitDLUpdaterService.java:51)
2022-10-19 01:27:50 [SEVERE] 	at org.bukkit.craftbukkit.v1_5_R3.updater.BukkitDLUpdaterService.getArtifact(BukkitDLUpdaterService.java:28)
2022-10-19 01:27:50 [SEVERE] 	at org.bukkit.craftbukkit.v1_5_R3.updater.AutoUpdater$1.run(AutoUpdater.java:77)
2022-10-19 01:27:50 [SEVERE] Caused by: java.lang.IllegalStateException: Expected BEGIN_OBJECT but was STRING at line 1 column 7
2022-10-19 01:27:50 [SEVERE] 	at org.bukkit.craftbukkit.libs.com.google.gson.stream.JsonReader.expect(JsonReader.java:339)
2022-10-19 01:27:50 [SEVERE] 	at org.bukkit.craftbukkit.libs.com.google.gson.stream.JsonReader.beginObject(JsonReader.java:322)
2022-10-19 01:27:50 [SEVERE] 	at org.bukkit.craftbukkit.libs.com.google.gson.internal.bind.ReflectiveTypeAdapterFactory$Adapter.read(ReflectiveTypeAdapterFactory.java:168)
2022-10-19 01:27:50 [SEVERE] 	... 5 more
2022-10-19 01:27:53 [INFO] Preparing start region for level 0 (Seed: 7538877992837738073)
2022-10-19 01:27:54 [INFO] Preparing spawn area: 0%
2022-10-19 01:27:55 [INFO] Preparing spawn area: 0%
2022-10-19 01:27:57 [INFO] Preparing spawn area: 0%
